#
# A fatal error has been detected by the Java Runtime Environment:
#
#  Internal Error (javaClasses.cpp:136), pid=15312, tid=6620
#  fatal error: Invalid layout of preloaded class
#
# JRE version:  (7.0_51-b13) (build )
# Java VM: Java HotSpot(TM) 64-Bit Server VM (24.51-b03 mixed mode windows-amd64 compressed oops)
# Failed to write core dump. Minidumps are not enabled by default on client versions of Windows
#
# If you would like to submit a bug report, please visit:
#   http://bugreport.sun.com/bugreport/crash.jsp
#

---------------  T H R E A D  ---------------

Current thread (0x00000000024dd800):  JavaThread "Unknown thread" [_thread_in_vm, id=6620, stack(0x0000000002570000,0x0000000002670000)]

Stack: [0x0000000002570000,0x0000000002670000]

---------------  P R O C E S S  ---------------

Java Threads: ( => current thread )

Other Threads:

=>0x00000000024dd800 (exited) JavaThread "Unknown thread" [_thread_in_vm, id=6620, stack(0x0000000002570000,0x0000000002670000)]

VM state:not at safepoint (not fully initialized)

VM Mutex/Monitor currently owned by a thread: None

GC Heap History (0 events):
No events

Deoptimization events (0 events):
No events

Internal exceptions (0 events):
No events

Events (10 events):
Event: 0.008 loading class 0x00000000026b5a90 done
Event: 0.009 loading class 0x00000000026b54b0 done
Event: 0.009 loading class 0x00000000026b5490
Event: 0.009 loading class 0x00000000026bd590
Event: 0.009 loading class 0x00000000026bd590 done
Event: 0.009 loading class 0x00000000026bd5c0
Event: 0.009 loading class 0x00000000026bd5c0 done
Event: 0.009 loading class 0x00000000026bd5f0
Event: 0.009 loading class 0x00000000026bd5f0 done
Event: 0.009 loading class 0x00000000026b5490 done


Dynamic libraries:
0x00007ff723450000 - 0x00007ff723483000 	C:\Program Files\Java\jre7\bin\javaw.exe
0x00007fff4aa50000 - 0x00007fff4abf9000 	C:\windows\SYSTEM32\ntdll.dll
0x00007fff48420000 - 0x00007fff48559000 	C:\windows\system32\KERNEL32.DLL
0x00007fff480d0000 - 0x00007fff481df000 	C:\windows\system32\KERNELBASE.dll
0x00007fff45ef0000 - 0x00007fff45f7b000 	C:\windows\system32\apphelp.dll
0x00007fff40000000 - 0x00007fff4004f000 	C:\windows\AppPatch\AppPatch64\AcGenral.DLL
0x00007fff4a6f0000 - 0x00007fff4a797000 	C:\windows\system32\msvcrt.dll
0x00007fff47c00000 - 0x00007fff47c2b000 	C:\windows\SYSTEM32\SspiCli.dll
0x00007fff48560000 - 0x00007fff485b1000 	C:\windows\system32\SHLWAPI.dll
0x00007fff4a350000 - 0x00007fff4a4c1000 	C:\windows\system32\USER32.dll
0x00007fff4a810000 - 0x00007fff4a986000 	C:\windows\system32\ole32.dll
0x00007fff48c50000 - 0x00007fff4a060000 	C:\windows\system32\SHELL32.dll
0x00007fff473e0000 - 0x00007fff473ff000 	C:\windows\SYSTEM32\USERENV.dll
0x00007fff4a0c0000 - 0x00007fff4a165000 	C:\windows\system32\ADVAPI32.dll
0x00007fff2f070000 - 0x00007fff2f08b000 	C:\windows\SYSTEM32\MPR.dll
0x00007fff48740000 - 0x00007fff48876000 	C:\windows\system32\RPCRT4.dll
0x00007fff4a7b0000 - 0x00007fff4a807000 	C:\windows\SYSTEM32\sechost.dll
0x00007fff488c0000 - 0x00007fff48a97000 	C:\windows\SYSTEM32\combase.dll
0x00007fff48b00000 - 0x00007fff48c45000 	C:\windows\system32\GDI32.dll
0x00007fff47dd0000 - 0x00007fff47de4000 	C:\windows\SYSTEM32\profapi.dll
0x00007fff45920000 - 0x00007fff459c1000 	C:\windows\SYSTEM32\SHCORE.dll
0x00007fff48880000 - 0x00007fff488b4000 	C:\windows\system32\IMM32.DLL
0x00007fff482e0000 - 0x00007fff48418000 	C:\windows\system32\MSCTF.dll
0x00007fff45170000 - 0x00007fff453ca000 	C:\windows\WinSxS\amd64_microsoft.windows.common-controls_6595b64144ccf1df_6.0.9600.16384_none_62475f7becb72503\COMCTL32.dll
0x0000000052a50000 - 0x0000000052b22000 	C:\Program Files\Java\jre7\bin\msvcr100.dll
0x0000000052c20000 - 0x00000000533e9000 	C:\Program Files\Java\jre7\bin\server\jvm.dll
0x00007fff3ea40000 - 0x00007fff3ea49000 	C:\windows\SYSTEM32\WSOCK32.dll
0x00007fff40ed0000 - 0x00007fff40eef000 	C:\windows\SYSTEM32\WINMM.dll
0x00007fff4a680000 - 0x00007fff4a687000 	C:\windows\system32\PSAPI.DLL
0x00007fff4a060000 - 0x00007fff4a0b8000 	C:\windows\system32\WS2_32.dll
0x00007fff40ea0000 - 0x00007fff40eca000 	C:\windows\SYSTEM32\WINMMBASE.dll
0x00007fff4aa40000 - 0x00007fff4aa49000 	C:\windows\system32\NSI.dll
0x00007fff48290000 - 0x00007fff482da000 	C:\windows\SYSTEM32\cfgmgr32.dll
0x00007fff46c80000 - 0x00007fff46ca6000 	C:\windows\SYSTEM32\DEVOBJ.dll
0x0000000052c10000 - 0x0000000052c1f000 	C:\Program Files\Java\jre7\bin\verify.dll
0x0000000052be0000 - 0x0000000052c08000 	C:\Program Files\Java\jre7\bin\java.dll
0x0000000052bc0000 - 0x0000000052bd5000 	C:\Program Files\Java\jre7\bin\zip.dll

VM Arguments:
jvm_args: -Dfile.encoding=Cp1252 -Xbootclasspath:C:\Users\cyy87_000\Desktop\adt-bundle-windows-x86_64-20140321\adt-bundle-windows-x86_64-20140321\sdk\platforms\android-15\android.jar;C:\Users\cyy87_000\Desktop\adt-bundle-windows-x86_64-20140321\adt-bundle-windows-x86_64-20140321\sdk\add-ons\addon-google_gdk-google-15\libs\gdk.jar 
java_command: com.demo.prompt.Auth
Launcher Type: SUN_STANDARD

Environment Variables:
PATH=C:\Python33\;C:\Program Files (x86)\Intel\iCLS Client\;C:\Program Files\Intel\iCLS Client\;C:\windows\system32;C:\windows;C:\windows\System32\Wbem;C:\windows\System32\WindowsPowerShell\v1.0\;C:\Program Files\Intel\Intel(R) Management Engine Components\DAL;C:\Program Files\Intel\Intel(R) Management Engine Components\IPT;C:\Program Files (x86)\Intel\Intel(R) Management Engine Components\DAL;C:\Program Files (x86)\Intel\Intel(R) Management Engine Components\IPT;C:\Program Files\Samsung\AllShare Framework DMS\1.3.18\;C:\Program Files\Samsung\AllShare Framework DMS\1.3.18\64bit\;C:\Program Files\Intel\WiFi\bin\;C:\Program Files\Common Files\Intel\WirelessCommon\;C:\Program Files (x86)\Common Files\MicroStrategy;C:\Program Files (x86)\MicroStrategy\Desktop;C:\Program Files (x86)\MicroStrategy\Command Manager;C:\Program Files (x86)\MicroStrategy\Enterprise Manager;C:\Program Files (x86)\MicroStrategy\Integrity Manager;C:\Program Files (x86)\Common Files\MicroStrategy\JRE\160_38\Win32\bin;C:\Program Files (x86)\Common Files\MicroStrategy\JRE\160_38\Win32\bin\client;C:\Program Files (x86)\Common Files\MicroStrategy\Help\English;C:\Users\cyy87_000\Desktop\adt-bundle-windows-x86_64-20140321\adt-bundle-windows-x86_64-20140321\sdk\platform-tools;C:\Program Files\Intel\WiFi\bin\;C:\Program Files\Common Files\Intel\WirelessCommon\
USERNAME=cyy87_000
OS=Windows_NT
PROCESSOR_IDENTIFIER=Intel64 Family 6 Model 69 Stepping 1, GenuineIntel



---------------  S Y S T E M  ---------------

OS: Windows 8 , 64 bit Build 9200 

CPU:total 4 (2 cores per cpu, 2 threads per core) family 6 model 69 stepping 1, cmov, cx8, fxsr, mmx, sse, sse2, sse3, ssse3, sse4.1, sse4.2, popcnt, avx, avx2, aes, erms, ht, tsc, tscinvbit

Memory: 4k page, physical 8301628k(3383248k free), swap 12998404k(3211068k free)

vm_info: Java HotSpot(TM) 64-Bit Server VM (24.51-b03) for windows-amd64 JRE (1.7.0_51-b13), built on Dec 18 2013 18:40:56 by "java_re" with unknown MS VC++:1600

time: Fri Apr 11 00:17:32 2014
elapsed time: 0 seconds

